
=== 2026-06-14T04:46:38.435605 :: Autodesk / Senior Org Effectiveness Consultant (26WD97717) ===
landed: https://autodesk.wd1.myworkdayjobs.com/en-US/Ext/job/AMER---United-States---Colorado---Denver---Wewatta/Senior-Org-Effectiveness-Consultant_26WD97717/apply/applyManually

-- STEP 1: Create Account --
  create-account JS-click: True
  account exists -> Sign In
  after-account url: https://autodesk.wd1.myworkdayjobs.com/en-US/Ext/job/AMER---United-States---Colorado---Denver---Wewatta/Senior-Org-Effectiveness-Consultant_26WD97717/apply/applyManually
  step now: 1
  [shot] 01_account

-- STEP 2: My Information --
---- STEP2 ----
Skip to main content
Careers
English
Sign In
Search for Jobs
Back to Job Posting
Senior Org Effectiveness Consultant
current step 1 of 8
Create Account/Sign In
step 2 of 8
My Information
step 3 of 8
My Experience
step 4 of 8
Application Questions 1 of 2
step 5 of 8
Application Questions 2 of 2
step 6 of 8
Voluntary Disclosures
step 7 of 8
Self Identify
step 8 of 8
Review
Create Account

Password Requirements:

An alphabetic character
A minimum of 8 characters
A lowercase character
A special character
An uppercase character
A numeric character
Email Address*
Password*
Verify New Password*

To read and acknowledge Autodesk?s Candidate Privacy Statement, please click here.

Once you have review
---- END STEP2 ----
