[     333ms] [ERROR] Attestation check for Protected Audience on https://prebid.trustedstack.com failed. @ https://h1bdata.info/index.php?em=hwi:0
[     334ms] [ERROR] Attestation check for Protected Audience on https://onetag-sys.com failed. @ https://h1bdata.info/index.php?em=hwi:0
[     334ms] [ERROR] Attestation check for Protected Audience on https://prebid.smilewanted.com failed. @ https://h1bdata.info/index.php?em=hwi:0
[     334ms] [ERROR] Attestation check for Protected Audience on https://prebid.smilewanted.com failed. @ https://h1bdata.info/index.php?em=hwi:0
[     334ms] [ERROR] Attestation check for Protected Audience on https://tlx.3lift.com failed. @ https://h1bdata.info/index.php?em=hwi:0
[     334ms] [ERROR] Attestation check for Protected Audience on https://htlb.casalemedia.com failed. @ https://h1bdata.info/index.php?em=hwi:0
[     334ms] [ERROR] Attestation check for Protected Audience on https://direct.adsrvr.org failed. @ https://h1bdata.info/index.php?em=hwi:0
[     814ms] [ERROR] Failed to load resource: the server responded with a status of 500 () @ https://api.ziprecruiter.com/jobs/v1?refine_by_salary=60000&days_ago=90&jobs_per_page=12&api_key=s2tazsn64nxt2dri6fq4tzyprbgf7rn4&search=company:%22equus%22&radius_miles=100&page=1:0
[    1511ms] [WARNING] VIDEOJS: WARN: videojs.mergeOptions is deprecated and will be removed in 9.0; please use videojs.obj.merge instead. @ https://go.ezodn.com/beardeddragon/wyvern.js?cb=186:11
[    1512ms] [WARNING] VIDEOJS: WARN: videojs.formatTime is deprecated and will be removed in 9.0; please use videojs.time.formatTime instead. @ https://go.ezodn.com/beardeddragon/wyvern.js?cb=186:11
[    2138ms] [ERROR] Attestation check for Protected Audience on https://fastlane.rubiconproject.com failed. @ https://h1bdata.info/index.php?em=equus:0
[    2141ms] [ERROR] Failed to load resource: the server responded with a status of 404 () @ https://js-sec.indexww.com/prebid/topics/topics_frame.html?bidder=ix:0
[    2144ms] [ERROR] Attestation check for Protected Audience on https://onetag-sys.com failed. @ https://h1bdata.info/index.php?em=equus:0
[    2144ms] [ERROR] Attestation check for Protected Audience on https://tlx.3lift.com failed. @ https://h1bdata.info/index.php?em=equus:0
[    2144ms] [ERROR] Attestation check for Protected Audience on https://prebid.smilewanted.com failed. @ https://h1bdata.info/index.php?em=equus:0
[    2144ms] [ERROR] Attestation check for Protected Audience on https://direct.adsrvr.org failed. @ https://h1bdata.info/index.php?em=equus:0
[    2144ms] [ERROR] Attestation check for Protected Audience on https://htlb.casalemedia.com failed. @ https://h1bdata.info/index.php?em=equus:0
[    2144ms] [ERROR] Attestation check for Protected Audience on https://ap.lijit.com failed. @ https://h1bdata.info/index.php?em=equus:0
[    2144ms] [ERROR] Attestation check for Protected Audience on https://prebid.trustedstack.com failed. @ https://h1bdata.info/index.php?em=equus:0
[    2144ms] [ERROR] Attestation check for Protected Audience on https://prebid.media.net failed. @ https://h1bdata.info/index.php?em=equus:0
[    2144ms] [ERROR] Attestation check for Protected Audience on https://tlx.3lift.com failed. @ https://h1bdata.info/index.php?em=equus:0
[    2144ms] [ERROR] Attestation check for Protected Audience on https://prebid.cootlogix.com failed. @ https://h1bdata.info/index.php?em=equus:0
[    2144ms] [ERROR] Attestation check for Protected Audience on https://ads.yieldmo.com failed. @ https://h1bdata.info/index.php?em=equus:0
[    2144ms] [ERROR] Attestation check for Protected Audience on https://hb.minutemedia-prebid.com failed. @ https://h1bdata.info/index.php?em=equus:0
[    2144ms] [ERROR] Attestation check for Protected Audience on https://direct.adsrvr.org failed. @ https://h1bdata.info/index.php?em=equus:0
[    2144ms] [ERROR] Attestation check for Protected Audience on https://htlb.casalemedia.com failed. @ https://h1bdata.info/index.php?em=equus:0
[    2144ms] [ERROR] Attestation check for Protected Audience on https://prebid-server.rubiconproject.com failed. @ https://h1bdata.info/index.php?em=equus:0
[    2144ms] [ERROR] Attestation check for Protected Audience on https://ssc.33across.com failed. @ https://h1bdata.info/index.php?em=equus:0
[    2144ms] [ERROR] Attestation check for Protected Audience on https://hbopenbid.pubmatic.com failed. @ https://h1bdata.info/index.php?em=equus:0
[    2144ms] [ERROR] Attestation check for Protected Audience on https://grid-bidder.criteo.com failed. @ https://h1bdata.info/index.php?em=equus:0
[    2144ms] [ERROR] Attestation check for Protected Audience on https://hbopenbid.pubmatic.com failed. @ https://h1bdata.info/index.php?em=equus:0
[    2144ms] [ERROR] Attestation check for Protected Audience on https://prebid.trustedstack.com failed. @ https://h1bdata.info/index.php?em=equus:0
[    2144ms] [ERROR] Attestation check for Protected Audience on https://mweb-hb.presage.io failed. @ https://h1bdata.info/index.php?em=equus:0
[    2144ms] [ERROR] Attestation check for Protected Audience on https://prebid.smilewanted.com failed. @ https://h1bdata.info/index.php?em=equus:0
[    2144ms] [ERROR] Attestation check for Protected Audience on https://onetag-sys.com failed. @ https://h1bdata.info/index.php?em=equus:0
[    2144ms] [ERROR] Attestation check for Protected Audience on https://ap.lijit.com failed. @ https://h1bdata.info/index.php?em=equus:0
[    2144ms] [ERROR] Attestation check for Protected Audience on https://direct.adsrvr.org failed. @ https://h1bdata.info/index.php?em=equus:0
[    2144ms] [ERROR] Attestation check for Protected Audience on https://targeting.unrulymedia.com failed. @ https://h1bdata.info/index.php?em=equus:0
[    2144ms] [ERROR] Attestation check for Protected Audience on https://tlx.3lift.com failed. @ https://h1bdata.info/index.php?em=equus:0
[    2144ms] [ERROR] Attestation check for Protected Audience on https://htlb.casalemedia.com failed. @ https://h1bdata.info/index.php?em=equus:0
[    2144ms] [ERROR] Attestation check for Protected Audience on https://hbopenbid.pubmatic.com failed. @ https://h1bdata.info/index.php?em=equus:0
[    2144ms] [ERROR] Attestation check for Protected Audience on https://ads.yieldmo.com failed. @ https://h1bdata.info/index.php?em=equus:0
[    2144ms] [ERROR] Attestation check for Protected Audience on https://fastlane.rubiconproject.com failed. @ https://h1bdata.info/index.php?em=equus:0
[    2153ms] [ERROR] Mixed Content: The page at 'https://h1bdata.info/index.php?em=equus' was loaded over HTTPS, but requested an insecure frame 'http://www.optmd.com/'. This request has been blocked; the content must be served over HTTPS. @ https://js-sec.indexww.com/prebid/topics/topics_frame.html?bidder=ix:0
[    2160ms] [LOG] Called iframe: ads.pubmatic.com [] 
Number of topics:  0 @ https://ads.pubmatic.com/AdServer/js/topics/topics_frame.html?bidder=pubmatic:19
[    2160ms] [LOG] Called iframe: onetag-sys.com [] 
Number of topics:  0 @ https://onetag-sys.com/static/topicsapi.html?bidder=onetag:13
[    2160ms] [LOG] Called iframe: acdn.adnxs.com [] 
Number of topics:  0 @ https://acdn.adnxs.com/prebid/topics/topics_frame.html?bidder=appnexus:17
[    2480ms] [ERROR] Failed to load resource: the server responded with a status of 404 () @ https://eb2.3lift.com/topics/topics_frame.html?bidder=triplelift:0
[    2603ms] [ERROR] Attestation check for Protected Audience on https://ib.adnxs.com failed. @ https://h1bdata.info/index.php?em=equus:0
[    2603ms] [ERROR] Attestation check for Protected Audience on https://prebid-server.rubiconproject.com failed. @ https://h1bdata.info/index.php?em=equus:0
[    2603ms] [ERROR] Attestation check for Protected Audience on https://prebid.media.net failed. @ https://h1bdata.info/index.php?em=equus:0
[    2603ms] [ERROR] Attestation check for Protected Audience on https://apex.go.sonobi.com failed. @ https://h1bdata.info/index.php?em=equus:0
[    2603ms] [ERROR] Attestation check for Protected Audience on https://onetag-sys.com failed. @ https://h1bdata.info/index.php?em=equus:0
[    2603ms] [ERROR] Attestation check for Protected Audience on https://direct.adsrvr.org failed. @ https://h1bdata.info/index.php?em=equus:0
[    2603ms] [ERROR] Attestation check for Protected Audience on https://ads.yieldmo.com failed. @ https://h1bdata.info/index.php?em=equus:0
[    2603ms] [ERROR] Attestation check for Protected Audience on https://htlb.casalemedia.com failed. @ https://h1bdata.info/index.php?em=equus:0
[    2603ms] [ERROR] Attestation check for Protected Audience on https://prebid.cootlogix.com failed. @ https://h1bdata.info/index.php?em=equus:0
[    2604ms] [WARNING] [Audigent] cannot find __gpp framework @ https://a.ad.gt/api/v1/u/matches/524?_it=amazon:0
[    2606ms] [ERROR] Attestation check for Protected Audience on https://hbopenbid.pubmatic.com failed. @ https://h1bdata.info/index.php?em=equus:0
[    3454ms] [ERROR] Attestation check for Protected Audience on https://ap.lijit.com failed. @ https://h1bdata.info/index.php?em=equus:0
[    3454ms] [ERROR] Attestation check for Protected Audience on https://direct.adsrvr.org failed. @ https://h1bdata.info/index.php?em=equus:0
[    3454ms] [ERROR] Attestation check for Protected Audience on https://onetag-sys.com failed. @ https://h1bdata.info/index.php?em=equus:0
[    3454ms] [ERROR] Attestation check for Protected Audience on https://fastlane.rubiconproject.com failed. @ https://h1bdata.info/index.php?em=equus:0
[    3454ms] [ERROR] Attestation check for Protected Audience on https://prebid.trustedstack.com failed. @ https://h1bdata.info/index.php?em=equus:0
[    3454ms] [ERROR] Attestation check for Protected Audience on https://prebid.smilewanted.com failed. @ https://h1bdata.info/index.php?em=equus:0
[    3454ms] [ERROR] Attestation check for Protected Audience on https://htlb.casalemedia.com failed. @ https://h1bdata.info/index.php?em=equus:0
[    3454ms] [ERROR] Attestation check for Protected Audience on https://tlx.3lift.com failed. @ https://h1bdata.info/index.php?em=equus:0
