
=== 2026-06-14T00:18:50.807892 :: Trimble / Manager, Enablement Programs and Content (R55463) ===
landed: https://trimble.wd1.myworkdayjobs.com/en-US/TrimbleCareers/job/US---CO%2C-Westminster/Manager--Enablement-Programs-and-Content_R55463-1/apply/applyManually | title: Manager, Enablement Programs and Content
---- STEP1 LANDING ----
Skip to main content
Transforming the way the world works
Back to Job Posting
Manager, Enablement Programs and Content
current step 1 of 6
My Information
step 2 of 6
My Experience
step 3 of 6
Application Questions
step 4 of 6
Voluntary Disclosures
step 5 of 6
Self Identify
step 6 of 6
Review
My Information
* Indicates a required field
How Did You Hear About Us?*
Select One
Have you previously worked for this organization? If Yes, please answer the questions below. If No, please continue to the next page.*
Yes
No
Country*
United States of America
Legal Name
First Name*
Last Name*
I have a preferred name
Address
Address Line 1
City
State
Select One
Postal Code
Email Address
Email*
Phone
Phone Device Type*
Mobile
Country Phone Code*
1 item selected, United States of America (+1)

United State
---- END STEP1 LANDING ----
  [shot] 01_my_information_blank

-- STEP 1: My Information --
  [ms] how_did_you_hear ERR: Locator.scroll_into_view_if_needed: Timeout 25000ms exceeded.
Call log:
  - waiting for locator("input[data-automation-id='multiselectInputContainer']").first

  [dd] how_did_you_hear: opts = United States of America (+1)|United States of America (+1)|United States of America (+1)|Select One|Advertisement|AUBI-plus|bestjobs.eu|CareerFit+Colorado|College/University|Company Website|CWJobs.co.uk|Event|Facebook|Google|Have a connect
  [dd] how_did_you_hear = LinkedIn
  [radio] 'previously worked' = no
  [text] first_name = Yi-Chieh
  [text] last_name = Cheng
  [text] address1 = 1784 NW Northrup Street
  [text] city = Portland
  [text] zip = 97209
  [dd] state: opts = United States of America (+1)|United States of America (+1)|United States of America (+1)|Select One|Alabama|Alaska|American Samoa|Arizona|Arkansas|Armed Forces Americas|Armed Forces Europe|Armed Forces Pacific|California|Colorado|Connectic
  [dd] state = Oregon
  [text] email = jamiecheng0103@gmail.com
  [text] phone = 2137003831
  [dd] phone_device_type: opts = United States of America (+1)|United States of America (+1)|United States of America (+1)|Select One|Mobile|Telephone
  [dd] phone_device_type = Mobile
  [shot] 02_my_information_filled
  [next] clicked [data-automation-id='pageFooterNextButton']
  -> progress: Manager, Enablement Programs and Content
---- STEP2 LANDING ----
Skip to main content
Transforming the way the world works
Back to Job Posting
Manager, Enablement Programs and Content
completed step 1 of 6
My Information
current step 2 of 6
My Experience
step 3 of 6
Application Questions
step 4 of 6
Voluntary Disclosures
step 5 of 6
Self Identify
step 6 of 6
Review
My Experience
* Indicates a required field
Work Experience
Add
Education
Add
Languages
Add
Skills
Type to Add Skills
0 items selected
Resume/CV

Upload a file (5MB max)*
Drop files here
or
Select files

Websites
Add any relevant websites.
Add
Back
Next
Follow Us
Trimble Employment Data Privacy Statement
? 2026 Workday, Inc. All rights reserved.
---- END STEP2 LANDING ----

-- STEP 2: My Experience (resume upload) --
  resume uploaded via input[type='file'][data-automation-id*='file-upload-input'] (89383 bytes)
  attached chip: Skip to main content
Transforming the way the world works
Back to Job Posting
Manager, Enablement Programs and Content
c
  [text] linkedin: NO field for labels ['linkedin']
  [shot] 03_my_experience_resume_uploaded
  [next] clicked [data-automation-id='pageFooterNextButton']
  -> progress: Manager, Enablement Programs and Content
---- STEP3 LANDING ----
Skip to main content
Transforming the way the world works
Back to Job Posting
Manager, Enablement Programs and Content
completed step 1 of 6
My Information
completed step 2 of 6
My Experience
current step 3 of 6
Application Questions
step 4 of 6
Voluntary Disclosures
step 5 of 6
Self Identify
step 6 of 6
Review
Application Questions
* Indicates a required field

Are you at least 18 years of age?*

Select One

Are you legally eligible to work in the country where this job is located?*

Select One

Will you now or in the future require visa sponsorship at this job location?*

Select One

Are you open to relocation?*

Select One

What is your desired salary?

Back
Next
Follow Us
Trimble Employment Data Privacy Statement
? 2026 Workday, Inc. All rights reserved.
---- END STEP3 LANDING ----

-- Wizard page round 0 (step 3) review={'review': False, 'submitted': False, 'hasSubmit': False, 'onLastStep': False, 'reviewHeader': False} --
---- ROUND 0 LIVE ----
Skip to main content
Transforming the way the world works
Back to Job Posting
Manager, Enablement Programs and Content
completed step 1 of 6
My Information
completed step 2 of 6
My Experience
current step 3 of 6
Application Questions
step 4 of 6
Voluntary Disclosures
step 5 of 6
Self Identify
step 6 of 6
Review
Application Questions
* Indicates a required field

Are you at least 18 years of age?*

Select One

Are you legally eligible to work in the country where this job is located?*

Select One

Will you now or in the future require visa sponsorship at this job location?*

Select One

Are you open to relocation?*

Select One

What is your desired salary?

Back
Next
Follow Us
Trimble Employment Data Privacy Statement
? 2026 Workday, Inc. All rights reserved.
---- END ROUND 0 LIVE ----
  [radio] 'sponsor': 'Yes' NOT FOUND
  [dd] sponsorship: opts = Select One|Yes|No
  [dd] sponsorship = Yes
  [shot] 04_disclosures_round0
  [next] clicked [data-automation-id='pageFooterNextButton']
  -> progress: Manager, Enablement Programs and Content

-- Wizard page round 1 (step 3) review={'review': False, 'submitted': False, 'hasSubmit': False, 'onLastStep': False, 'reviewHeader': False} --
---- ROUND 1 LIVE ----
Skip to main content
Transforming the way the world works
Back to Job Posting
Manager, Enablement Programs and Content
completed step 1 of 6
My Information
completed step 2 of 6
My Experience
current step 3 of 6
Application Questions
step 4 of 6
Voluntary Disclosures
step 5 of 6
Self Identify
step 6 of 6
Review
Application Questions
* Indicates a required field
Errors Found
Error-Are you at least 18 years of age?
The field Are you at least 18 years of age? is required and must have a value.
Error-Are you legally eligible to work in the country where this job is located?
The field Are you legally eligible to work in the country where this job is located? is required and must have a value.
Error-Are you open to relocation?
The field Are you open to relocation? is required and must have a value.

Are you at least 18 years of age?*

Select One

Error: The field Are you at least 18 years of age? is required and must have a value.

Are you legally eligible to work in the country where this job is located?*

Select One

Error: The field Are you legally eligible to work in the country where this job is located? is required and must have a value.

Will you now or in the future require visa sponsorship at this job location?*

Yes

Are you open to relocation?*

Select One

Error: The field Are you open to relocation? is required and must have a value.

What is your desired salary?

Back
Next
Follow Us
Trimble Employment Data Privacy Statement
? 2026 Workday, Inc. All rights reserved.
---- END ROUND 1 LIVE ----
  [shot] 04_disclosures_round1
  [next] clicked [data-automation-id='pageFooterNextButton']
  -> progress: Manager, Enablement Programs and Content

-- Wizard page round 2 (step 3) review={'review': False, 'submitted': False, 'hasSubmit': False, 'onLastStep': False, 'reviewHeader': False} --
---- ROUND 2 LIVE ----
Skip to main content
Transforming the way the world works
Back to Job Posting
Manager, Enablement Programs and Content
completed step 1 of 6
My Information
completed step 2 of 6
My Experience
current step 3 of 6
Application Questions
step 4 of 6
Voluntary Disclosures
step 5 of 6
Self Identify
step 6 of 6
Review
Application Questions
* Indicates a required field
Errors Found
Error-Are you at least 18 years of age?
The field Are you at least 18 years of age? is required and must have a value.
Error-Are you legally eligible to work in the country where this job is located?
The field Are you legally eligible to work in the country where this job is located? is required and must have a value.
Error-Are you open to relocation?
The field Are you open to relocation? is required and must have a value.

Are you at least 18 years of age?*

Select One

Error: The field Are you at least 18 years of age? is required and must have a value.

Are you legally eligible to work in the country where this job is located?*

Select One

Error: The field Are you legally eligible to work in the country where this job is located? is required and must have a value.

Will you now or in the future require visa sponsorship at this job location?*

Yes

Are you open to relocation?*

Select One

Error: The field Are you open to relocation? is required and must have a value.

What is your desired salary?

Back
Next
Follow Us
Trimble Employment Data Privacy Statement
? 2026 Workday, Inc. All rights reserved.
---- END ROUND 2 LIVE ----
  [shot] 04_disclosures_round2
  [next] clicked [data-automation-id='pageFooterNextButton']
  -> progress: Manager, Enablement Programs and Content

-- Wizard page round 3 (step 3) review={'review': False, 'submitted': False, 'hasSubmit': False, 'onLastStep': False, 'reviewHeader': False} --
---- ROUND 3 LIVE ----
Skip to main content
Transforming the way the world works
Back to Job Posting
Manager, Enablement Programs and Content
completed step 1 of 6
My Information
completed step 2 of 6
My Experience
current step 3 of 6
Application Questions
step 4 of 6
Voluntary Disclosures
step 5 of 6
Self Identify
step 6 of 6
Review
Application Questions
* Indicates a required field
Errors Found
Error-Are you at least 18 years of age?
The field Are you at least 18 years of age? is required and must have a value.
Error-Are you legally eligible to work in the country where this job is located?
The field Are you legally eligible to work in the country where this job is located? is required and must have a value.
Error-Are you open to relocation?
The field Are you open to relocation? is required and must have a value.

Are you at least 18 years of age?*

Select One

Error: The field Are you at least 18 years of age? is required and must have a value.

Are you legally eligible to work in the country where this job is located?*

Select One

Error: The field Are you legally eligible to work in the country where this job is located? is required and must have a value.

Will you now or in the future require visa sponsorship at this job location?*

Yes

Are you open to relocation?*

Select One

Error: The field Are you open to relocation? is required and must have a value.

What is your desired salary?

Back
Next
Follow Us
Trimble Employment Data Privacy Statement
? 2026 Workday, Inc. All rights reserved.
---- END ROUND 3 LIVE ----
  [shot] 04_disclosures_round3
  [next] clicked [data-automation-id='pageFooterNextButton']
  -> progress: Manager, Enablement Programs and Content

-- Wizard page round 4 (step 3) review={'review': False, 'submitted': False, 'hasSubmit': False, 'onLastStep': False, 'reviewHeader': False} --
---- ROUND 4 LIVE ----
Skip to main content
Transforming the way the world works
Back to Job Posting
Manager, Enablement Programs and Content
completed step 1 of 6
My Information
completed step 2 of 6
My Experience
current step 3 of 6
Application Questions
step 4 of 6
Voluntary Disclosures
step 5 of 6
Self Identify
step 6 of 6
Review
Application Questions
* Indicates a required field
Errors Found
Error-Are you at least 18 years of age?
The field Are you at least 18 years of age? is required and must have a value.
Error-Are you legally eligible to work in the country where this job is located?
The field Are you legally eligible to work in the country where this job is located? is required and must have a value.
Error-Are you open to relocation?
The field Are you open to relocation? is required and must have a value.

Are you at least 18 years of age?*

Select One

Error: The field Are you at least 18 years of age? is required and must have a value.

Are you legally eligible to work in the country where this job is located?*

Select One

Error: The field Are you legally eligible to work in the country where this job is located? is required and must have a value.

Will you now or in the future require visa sponsorship at this job location?*

Yes

Are you open to relocation?*

Select One

Error: The field Are you open to relocation? is required and must have a value.

What is your desired salary?

Back
Next
Follow Us
Trimble Employment Data Privacy Statement
? 2026 Workday, Inc. All rights reserved.
---- END ROUND 4 LIVE ----
  [shot] 04_disclosures_round4
  [next] clicked [data-automation-id='pageFooterNextButton']
  -> progress: Manager, Enablement Programs and Content

-- Wizard page round 5 (step 3) review={'review': False, 'submitted': False, 'hasSubmit': False, 'onLastStep': False, 'reviewHeader': False} --
---- ROUND 5 LIVE ----
Skip to main content
Transforming the way the world works
Back to Job Posting
Manager, Enablement Programs and Content
completed step 1 of 6
My Information
completed step 2 of 6
My Experience
current step 3 of 6
Application Questions
step 4 of 6
Voluntary Disclosures
step 5 of 6
Self Identify
step 6 of 6
Review
Application Questions
* Indicates a required field
Errors Found
Error-Are you at least 18 years of age?
The field Are you at least 18 years of age? is required and must have a value.
Error-Are you legally eligible to work in the country where this job is located?
The field Are you legally eligible to work in the country where this job is located? is required and must have a value.
Error-Are you open to relocation?
The field Are you open to relocation? is required and must have a value.

Are you at least 18 years of age?*

Select One

Error: The field Are you at least 18 years of age? is required and must have a value.

Are you legally eligible to work in the country where this job is located?*

Select One

Error: The field Are you legally eligible to work in the country where this job is located? is required and must have a value.

Will you now or in the future require visa sponsorship at this job location?*

Yes

Are you open to relocation?*

Select One

Error: The field Are you open to relocation? is required and must have a value.

What is your desired salary?

Back
Next
Follow Us
Trimble Employment Data Privacy Statement
? 2026 Workday, Inc. All rights reserved.
---- END ROUND 5 LIVE ----
  [shot] 04_disclosures_round5
  [next] clicked [data-automation-id='pageFooterNextButton']
  -> progress: Manager, Enablement Programs and Content

-- REVIEW page reached --
  captcha: {'present': False, 'visible': False, 'checkbox': False}
  [shot] 07_review_full

>>> REVIEW reached. drive_state.json + 07_review_full.png written. WAITING for DECISION.txt (SUBMIT/STAGE)...

*** No SUBMIT/STAGE decision (or CLOSE) ? closing, state saved ***

Keeping browser open ~5 more minutes...
